{"E:\\_dev\\Projects\\ordinary-web-calculator\\src\\settings.ts": {"path":"E:\\_dev\\Projects\\ordinary-web-calculator\\src\\settings.ts","statementMap":{"0":{"start":{"line":1,"column":13},"end":{"line":27,"column":null}},"1":{"start":{"line":29,"column":13},"end":{"line":29,"column":null}},"2":{"start":{"line":30,"column":13},"end":{"line":30,"column":null}}},"fnMap":{},"branchMap":{},"s":{"0":1,"1":1,"2":1},"f":{},"b":{}}
,"E:\\_dev\\Projects\\ordinary-web-calculator\\src\\controller\\controller.ts": {"path":"E:\\_dev\\Projects\\ordinary-web-calculator\\src\\controller\\controller.ts","statementMap":{"0":{"start":{"line":4,"column":0},"end":{"line":4,"column":16}},"1":{"start":{"line":1,"column":0},"end":{"line":1,"column":112}},"2":{"start":{"line":2,"column":0},"end":{"line":2,"column":54}},"3":{"start":{"line":6,"column":23},"end":{"line":6,"column":42}},"4":{"start":{"line":7,"column":26},"end":{"line":7,"column":48}},"5":{"start":{"line":8,"column":22},"end":{"line":8,"column":40}},"6":{"start":{"line":11,"column":25},"end":{"line":11,"column":26}},"7":{"start":{"line":12,"column":36},"end":{"line":12,"column":122}},"8":{"start":{"line":15,"column":8},"end":{"line":15,"column":null}},"9":{"start":{"line":16,"column":8},"end":{"line":16,"column":56}},"10":{"start":{"line":21,"column":8},"end":{"line":37,"column":9}},"11":{"start":{"line":22,"column":12},"end":{"line":36,"column":13}},"12":{"start":{"line":23,"column":16},"end":{"line":23,"column":47}},"13":{"start":{"line":25,"column":16},"end":{"line":35,"column":17}},"14":{"start":{"line":26,"column":20},"end":{"line":34,"column":21}},"15":{"start":{"line":27,"column":24},"end":{"line":31,"column":25}},"16":{"start":{"line":28,"column":28},"end":{"line":28,"column":72}},"17":{"start":{"line":30,"column":28},"end":{"line":30,"column":106}},"18":{"start":{"line":33,"column":24},"end":{"line":33,"column":102}},"19":{"start":{"line":41,"column":8},"end":{"line":48,"column":9}},"20":{"start":{"line":42,"column":12},"end":{"line":46,"column":88}},"21":{"start":{"line":47,"column":12},"end":{"line":47,"column":46}},"22":{"start":{"line":52,"column":8},"end":{"line":54,"column":9}},"23":{"start":{"line":53,"column":12},"end":{"line":53,"column":60}},"24":{"start":{"line":58,"column":18},"end":{"line":58,"column":38}},"25":{"start":{"line":59,"column":8},"end":{"line":63,"column":9}},"26":{"start":{"line":60,"column":12},"end":{"line":60,"column":23}},"27":{"start":{"line":62,"column":12},"end":{"line":62,"column":27}},"28":{"start":{"line":67,"column":8},"end":{"line":67,"column":32}},"29":{"start":{"line":68,"column":8},"end":{"line":68,"column":40}},"30":{"start":{"line":69,"column":8},"end":{"line":69,"column":32}},"31":{"start":{"line":70,"column":8},"end":{"line":70,"column":32}},"32":{"start":{"line":71,"column":8},"end":{"line":71,"column":51}},"33":{"start":{"line":72,"column":8},"end":{"line":72,"column":48}},"34":{"start":{"line":75,"column":4},"end":{"line":102,"column":null}},"35":{"start":{"line":76,"column":24},"end":{"line":76,"column":80}},"36":{"start":{"line":77,"column":8},"end":{"line":99,"column":9}},"37":{"start":{"line":78,"column":12},"end":{"line":98,"column":13}},"38":{"start":{"line":79,"column":16},"end":{"line":79,"column":40}},"39":{"start":{"line":80,"column":19},"end":{"line":98,"column":13}},"40":{"start":{"line":81,"column":16},"end":{"line":81,"column":40}},"41":{"start":{"line":82,"column":19},"end":{"line":98,"column":13}},"42":{"start":{"line":83,"column":16},"end":{"line":83,"column":44}},"43":{"start":{"line":84,"column":19},"end":{"line":98,"column":13}},"44":{"start":{"line":85,"column":16},"end":{"line":85,"column":32}},"45":{"start":{"line":86,"column":19},"end":{"line":98,"column":13}},"46":{"start":{"line":87,"column":16},"end":{"line":87,"column":31}},"47":{"start":{"line":88,"column":19},"end":{"line":98,"column":13}},"48":{"start":{"line":89,"column":16},"end":{"line":89,"column":31}},"49":{"start":{"line":90,"column":19},"end":{"line":98,"column":13}},"50":{"start":{"line":91,"column":16},"end":{"line":91,"column":29}},"51":{"start":{"line":92,"column":19},"end":{"line":98,"column":13}},"52":{"start":{"line":93,"column":16},"end":{"line":93,"column":31}},"53":{"start":{"line":94,"column":19},"end":{"line":98,"column":13}},"54":{"start":{"line":95,"column":16},"end":{"line":95,"column":34}},"55":{"start":{"line":96,"column":19},"end":{"line":98,"column":13}},"56":{"start":{"line":97,"column":16},"end":{"line":97,"column":30}},"57":{"start":{"line":101,"column":8},"end":{"line":101,"column":null}},"58":{"start":{"line":105,"column":8},"end":{"line":105,"column":48}},"59":{"start":{"line":106,"column":8},"end":{"line":106,"column":48}},"60":{"start":{"line":107,"column":8},"end":{"line":129,"column":9}},"61":{"start":{"line":109,"column":16},"end":{"line":109,"column":27}},"62":{"start":{"line":110,"column":16},"end":{"line":110,"column":53}},"63":{"start":{"line":111,"column":16},"end":{"line":111,"column":22}},"64":{"start":{"line":113,"column":16},"end":{"line":113,"column":25}},"65":{"start":{"line":114,"column":16},"end":{"line":114,"column":71}},"66":{"start":{"line":114,"column":34},"end":{"line":114,"column":71}},"67":{"start":{"line":115,"column":16},"end":{"line":115,"column":63}},"68":{"start":{"line":116,"column":16},"end":{"line":116,"column":22}},"69":{"start":{"line":118,"column":16},"end":{"line":118,"column":67}},"70":{"start":{"line":119,"column":16},"end":{"line":119,"column":22}},"71":{"start":{"line":121,"column":16},"end":{"line":121,"column":68}},"72":{"start":{"line":122,"column":16},"end":{"line":122,"column":22}},"73":{"start":{"line":124,"column":16},"end":{"line":124,"column":68}},"74":{"start":{"line":125,"column":16},"end":{"line":125,"column":22}},"75":{"start":{"line":127,"column":16},"end":{"line":127,"column":27}},"76":{"start":{"line":128,"column":16},"end":{"line":128,"column":22}},"77":{"start":{"line":133,"column":8},"end":{"line":133,"column":55}},"78":{"start":{"line":133,"column":38},"end":{"line":133,"column":55}},"79":{"start":{"line":134,"column":8},"end":{"line":154,"column":9}},"80":{"start":{"line":135,"column":12},"end":{"line":143,"column":13}},"81":{"start":{"line":136,"column":16},"end":{"line":139,"column":17}},"82":{"start":{"line":137,"column":20},"end":{"line":137,"column":null}},"83":{"start":{"line":138,"column":20},"end":{"line":138,"column":56}},"84":{"start":{"line":141,"column":16},"end":{"line":141,"column":null}},"85":{"start":{"line":142,"column":16},"end":{"line":142,"column":52}},"86":{"start":{"line":145,"column":13},"end":{"line":154,"column":9}},"87":{"start":{"line":147,"column":12},"end":{"line":150,"column":13}},"88":{"start":{"line":148,"column":16},"end":{"line":148,"column":35}},"89":{"start":{"line":149,"column":16},"end":{"line":149,"column":52}},"90":{"start":{"line":151,"column":15},"end":{"line":154,"column":9}},"91":{"start":{"line":152,"column":12},"end":{"line":152,"column":null}},"92":{"start":{"line":153,"column":12},"end":{"line":153,"column":48}},"93":{"start":{"line":158,"column":8},"end":{"line":161,"column":9}},"94":{"start":{"line":159,"column":12},"end":{"line":159,"column":36}},"95":{"start":{"line":160,"column":12},"end":{"line":160,"column":36}},"96":{"start":{"line":162,"column":8},"end":{"line":164,"column":9}},"97":{"start":{"line":163,"column":12},"end":{"line":163,"column":35}},"98":{"start":{"line":165,"column":8},"end":{"line":176,"column":9}},"99":{"start":{"line":166,"column":12},"end":{"line":166,"column":null}},"100":{"start":{"line":167,"column":12},"end":{"line":167,"column":47}},"101":{"start":{"line":169,"column":12},"end":{"line":169,"column":30}},"102":{"start":{"line":171,"column":12},"end":{"line":171,"column":47}},"103":{"start":{"line":173,"column":12},"end":{"line":173,"column":36}},"104":{"start":{"line":174,"column":12},"end":{"line":174,"column":39}},"105":{"start":{"line":175,"column":12},"end":{"line":175,"column":47}},"106":{"start":{"line":180,"column":8},"end":{"line":180,"column":62}},"107":{"start":{"line":180,"column":38},"end":{"line":180,"column":62}},"108":{"start":{"line":181,"column":8},"end":{"line":191,"column":9}},"109":{"start":{"line":182,"column":12},"end":{"line":182,"column":63}},"110":{"start":{"line":183,"column":12},"end":{"line":183,"column":48}},"111":{"start":{"line":184,"column":15},"end":{"line":191,"column":9}},"112":{"start":{"line":186,"column":12},"end":{"line":186,"column":73}},"113":{"start":{"line":187,"column":12},"end":{"line":187,"column":48}},"114":{"start":{"line":188,"column":15},"end":{"line":191,"column":9}},"115":{"start":{"line":189,"column":12},"end":{"line":189,"column":73}},"116":{"start":{"line":190,"column":12},"end":{"line":190,"column":48}},"117":{"start":{"line":195,"column":8},"end":{"line":207,"column":9}},"118":{"start":{"line":196,"column":12},"end":{"line":196,"column":52}},"119":{"start":{"line":197,"column":12},"end":{"line":197,"column":35}},"120":{"start":{"line":198,"column":12},"end":{"line":198,"column":30}},"121":{"start":{"line":200,"column":12},"end":{"line":200,"column":47}},"122":{"start":{"line":201,"column":15},"end":{"line":207,"column":9}},"123":{"start":{"line":202,"column":12},"end":{"line":202,"column":52}},"124":{"start":{"line":203,"column":12},"end":{"line":203,"column":35}},"125":{"start":{"line":204,"column":12},"end":{"line":204,"column":30}},"126":{"start":{"line":206,"column":12},"end":{"line":206,"column":47}},"127":{"start":{"line":211,"column":8},"end":{"line":217,"column":9}},"128":{"start":{"line":212,"column":12},"end":{"line":212,"column":null}},"129":{"start":{"line":213,"column":12},"end":{"line":213,"column":54}},"130":{"start":{"line":214,"column":12},"end":{"line":214,"column":30}},"131":{"start":{"line":216,"column":12},"end":{"line":216,"column":47}},"132":{"start":{"line":221,"column":8},"end":{"line":227,"column":9}},"133":{"start":{"line":222,"column":12},"end":{"line":222,"column":null}},"134":{"start":{"line":223,"column":12},"end":{"line":223,"column":54}},"135":{"start":{"line":224,"column":12},"end":{"line":224,"column":30}},"136":{"start":{"line":226,"column":12},"end":{"line":226,"column":47}},"137":{"start":{"line":231,"column":8},"end":{"line":234,"column":9}},"138":{"start":{"line":232,"column":12},"end":{"line":232,"column":61}},"139":{"start":{"line":233,"column":12},"end":{"line":233,"column":48}},"140":{"start":{"line":234,"column":10},"end":{"line":237,"column":9}},"141":{"start":{"line":235,"column":12},"end":{"line":235,"column":61}},"142":{"start":{"line":236,"column":12},"end":{"line":236,"column":48}},"143":{"start":{"line":241,"column":8},"end":{"line":255,"column":9}},"144":{"start":{"line":242,"column":12},"end":{"line":246,"column":13}},"145":{"start":{"line":243,"column":16},"end":{"line":243,"column":39}},"146":{"start":{"line":245,"column":16},"end":{"line":245,"column":60}},"147":{"start":{"line":247,"column":12},"end":{"line":247,"column":48}},"148":{"start":{"line":248,"column":15},"end":{"line":255,"column":9}},"149":{"start":{"line":249,"column":12},"end":{"line":253,"column":13}},"150":{"start":{"line":250,"column":16},"end":{"line":250,"column":39}},"151":{"start":{"line":252,"column":16},"end":{"line":252,"column":60}},"152":{"start":{"line":254,"column":12},"end":{"line":254,"column":48}},"153":{"start":{"line":259,"column":8},"end":{"line":259,"column":52}},"154":{"start":{"line":260,"column":8},"end":{"line":260,"column":25}}},"fnMap":{"0":{"name":"getController","decl":{"start":{"line":4,"column":16},"end":{"line":4,"column":29}},"loc":{"start":{"line":4,"column":47},"end":{"line":262,"column":1}}},"1":{"name":"getOutputScreenValue","decl":{"start":{"line":14,"column":13},"end":{"line":14,"column":33}},"loc":{"start":{"line":14,"column":33},"end":{"line":17,"column":5}}},"2":{"name":"setOutputScreenValue","decl":{"start":{"line":20,"column":13},"end":{"line":20,"column":33}},"loc":{"start":{"line":20,"column":70},"end":{"line":38,"column":5}}},"3":{"name":"setOutputOperationValue","decl":{"start":{"line":40,"column":13},"end":{"line":40,"column":36}},"loc":{"start":{"line":40,"column":50},"end":{"line":49,"column":5}}},"4":{"name":"setOutputMemoryValue","decl":{"start":{"line":51,"column":13},"end":{"line":51,"column":33}},"loc":{"start":{"line":51,"column":47},"end":{"line":55,"column":5}}},"5":{"name":"appendInputValue","decl":{"start":{"line":57,"column":13},"end":{"line":57,"column":29}},"loc":{"start":{"line":57,"column":65},"end":{"line":64,"column":5}}},"6":{"name":"clearCalcStack","decl":{"start":{"line":66,"column":13},"end":{"line":66,"column":27}},"loc":{"start":{"line":66,"column":27},"end":{"line":73,"column":5}}},"7":{"name":"handleInput","decl":{"start":{"line":75,"column":20},"end":{"line":75,"column":31}},"loc":{"start":{"line":75,"column":49},"end":{"line":102,"column":5}}},"8":{"name":"handleMemory","decl":{"start":{"line":104,"column":13},"end":{"line":104,"column":25}},"loc":{"start":{"line":104,"column":43},"end":{"line":130,"column":5}}},"9":{"name":"handleDigits","decl":{"start":{"line":132,"column":13},"end":{"line":132,"column":25}},"loc":{"start":{"line":132,"column":43},"end":{"line":155,"column":5}}},"10":{"name":"handleOperations","decl":{"start":{"line":157,"column":13},"end":{"line":157,"column":29}},"loc":{"start":{"line":157,"column":47},"end":{"line":177,"column":5}}},"11":{"name":"handleFlPoint","decl":{"start":{"line":179,"column":13},"end":{"line":179,"column":26}},"loc":{"start":{"line":179,"column":26},"end":{"line":192,"column":5}}},"12":{"name":"handleEquals","decl":{"start":{"line":194,"column":13},"end":{"line":194,"column":25}},"loc":{"start":{"line":194,"column":25},"end":{"line":208,"column":5}}},"13":{"name":"handlePower2","decl":{"start":{"line":210,"column":13},"end":{"line":210,"column":25}},"loc":{"start":{"line":210,"column":25},"end":{"line":218,"column":5}}},"14":{"name":"handleSqrt","decl":{"start":{"line":220,"column":13},"end":{"line":220,"column":23}},"loc":{"start":{"line":220,"column":23},"end":{"line":228,"column":5}}},"15":{"name":"handleNegate","decl":{"start":{"line":230,"column":13},"end":{"line":230,"column":25}},"loc":{"start":{"line":230,"column":25},"end":{"line":238,"column":5}}},"16":{"name":"handleBackspace","decl":{"start":{"line":240,"column":13},"end":{"line":240,"column":28}},"loc":{"start":{"line":240,"column":28},"end":{"line":256,"column":5}}},"17":{"name":"handleReset","decl":{"start":{"line":258,"column":13},"end":{"line":258,"column":24}},"loc":{"start":{"line":258,"column":24},"end":{"line":261,"column":5}}}},"branchMap":{"0":{"loc":{"start":{"line":15,"column":20},"end":{"line":15,"column":43}},"type":"cond-expr","locations":[{"start":{"line":15,"column":32},"end":{"line":15,"column":34}},{"start":{"line":15,"column":20},"end":{"line":15,"column":43}}]},"1":{"loc":{"start":{"line":15,"column":20},"end":{"line":15,"column":34}},"type":"binary-expr","locations":[{"start":{"line":15,"column":20},"end":{"line":15,"column":34}},{"start":{"line":15,"column":20},"end":{"line":15,"column":34}}]},"2":{"loc":{"start":{"line":16,"column":15},"end":{"line":16,"column":55}},"type":"binary-expr","locations":[{"start":{"line":16,"column":15},"end":{"line":16,"column":38}},{"start":{"line":16,"column":42},"end":{"line":16,"column":55}}]},"3":{"loc":{"start":{"line":16,"column":15},"end":{"line":16,"column":38}},"type":"cond-expr","locations":[{"start":{"line":16,"column":27},"end":{"line":16,"column":29}},{"start":{"line":16,"column":15},"end":{"line":16,"column":38}}]},"4":{"loc":{"start":{"line":16,"column":15},"end":{"line":16,"column":29}},"type":"binary-expr","locations":[{"start":{"line":16,"column":15},"end":{"line":16,"column":29}},{"start":{"line":16,"column":15},"end":{"line":16,"column":29}}]},"5":{"loc":{"start":{"line":21,"column":8},"end":{"line":37,"column":9}},"type":"if","locations":[{"start":{"line":21,"column":8},"end":{"line":37,"column":9}},{"start":{},"end":{}}]},"6":{"loc":{"start":{"line":22,"column":12},"end":{"line":36,"column":13}},"type":"if","locations":[{"start":{"line":22,"column":12},"end":{"line":36,"column":13}},{"start":{"line":24,"column":19},"end":{"line":36,"column":13}}]},"7":{"loc":{"start":{"line":25,"column":16},"end":{"line":35,"column":17}},"type":"if","locations":[{"start":{"line":25,"column":16},"end":{"line":35,"column":17}},{"start":{},"end":{}}]},"8":{"loc":{"start":{"line":26,"column":20},"end":{"line":34,"column":21}},"type":"if","locations":[{"start":{"line":26,"column":20},"end":{"line":34,"column":21}},{"start":{"line":32,"column":27},"end":{"line":34,"column":21}}]},"9":{"loc":{"start":{"line":26,"column":24},"end":{"line":26,"column":89}},"type":"binary-expr","locations":[{"start":{"line":26,"column":24},"end":{"line":26,"column":65}},{"start":{"line":26,"column":69},"end":{"line":26,"column":89}}]},"10":{"loc":{"start":{"line":27,"column":24},"end":{"line":31,"column":25}},"type":"if","locations":[{"start":{"line":27,"column":24},"end":{"line":31,"column":25}},{"start":{"line":29,"column":31},"end":{"line":31,"column":25}}]},"11":{"loc":{"start":{"line":41,"column":8},"end":{"line":48,"column":9}},"type":"if","locations":[{"start":{"line":41,"column":8},"end":{"line":48,"column":9}},{"start":{},"end":{}}]},"12":{"loc":{"start":{"line":42,"column":20},"end":{"line":46,"column":87}},"type":"cond-expr","locations":[{"start":{"line":42,"column":59},"end":{"line":42,"column":67}},{"start":{"line":43,"column":17},"end":{"line":46,"column":86}}]},"13":{"loc":{"start":{"line":43,"column":17},"end":{"line":46,"column":86}},"type":"cond-expr","locations":[{"start":{"line":43,"column":54},"end":{"line":43,"column":62}},{"start":{"line":44,"column":21},"end":{"line":46,"column":85}}]},"14":{"loc":{"start":{"line":44,"column":21},"end":{"line":46,"column":85}},"type":"cond-expr","locations":[{"start":{"line":44,"column":57},"end":{"line":44,"column":65}},{"start":{"line":45,"column":25},"end":{"line":46,"column":84}}]},"15":{"loc":{"start":{"line":45,"column":25},"end":{"line":46,"column":84}},"type":"cond-expr","locations":[{"start":{"line":45,"column":62},"end":{"line":45,"column":70}},{"start":{"line":46,"column":29},"end":{"line":46,"column":83}}]},"16":{"loc":{"start":{"line":46,"column":29},"end":{"line":46,"column":83}},"type":"cond-expr","locations":[{"start":{"line":46,"column":66},"end":{"line":46,"column":75}},{"start":{"line":46,"column":78},"end":{"line":46,"column":83}}]},"17":{"loc":{"start":{"line":52,"column":8},"end":{"line":54,"column":9}},"type":"if","locations":[{"start":{"line":52,"column":8},"end":{"line":54,"column":9}},{"start":{},"end":{}}]},"18":{"loc":{"start":{"line":53,"column":36},"end":{"line":53,"column":59}},"type":"binary-expr","locations":[{"start":{"line":53,"column":36},"end":{"line":53,"column":41}},{"start":{"line":53,"column":45},"end":{"line":53,"column":59}}]},"19":{"loc":{"start":{"line":59,"column":8},"end":{"line":63,"column":9}},"type":"if","locations":[{"start":{"line":59,"column":8},"end":{"line":63,"column":9}},{"start":{"line":61,"column":15},"end":{"line":63,"column":9}}]},"20":{"loc":{"start":{"line":76,"column":24},"end":{"line":76,"column":80}},"type":"cond-expr","locations":[{"start":{"line":76,"column":66},"end":{"line":76,"column":68}},{"start":{"line":76,"column":66},"end":{"line":76,"column":80}}]},"21":{"loc":{"start":{"line":76,"column":24},"end":{"line":76,"column":68}},"type":"binary-expr","locations":[{"start":{"line":76,"column":24},"end":{"line":76,"column":68}},{"start":{"line":76,"column":66},"end":{"line":76,"column":68}}]},"22":{"loc":{"start":{"line":77,"column":8},"end":{"line":99,"column":9}},"type":"if","locations":[{"start":{"line":77,"column":8},"end":{"line":99,"column":9}},{"start":{},"end":{}}]},"23":{"loc":{"start":{"line":78,"column":12},"end":{"line":98,"column":13}},"type":"if","locations":[{"start":{"line":78,"column":12},"end":{"line":98,"column":13}},{"start":{"line":80,"column":19},"end":{"line":98,"column":13}}]},"24":{"loc":{"start":{"line":80,"column":19},"end":{"line":98,"column":13}},"type":"if","locations":[{"start":{"line":80,"column":19},"end":{"line":98,"column":13}},{"start":{"line":82,"column":19},"end":{"line":98,"column":13}}]},"25":{"loc":{"start":{"line":82,"column":19},"end":{"line":98,"column":13}},"type":"if","locations":[{"start":{"line":82,"column":19},"end":{"line":98,"column":13}},{"start":{"line":84,"column":19},"end":{"line":98,"column":13}}]},"26":{"loc":{"start":{"line":84,"column":19},"end":{"line":98,"column":13}},"type":"if","locations":[{"start":{"line":84,"column":19},"end":{"line":98,"column":13}},{"start":{"line":86,"column":19},"end":{"line":98,"column":13}}]},"27":{"loc":{"start":{"line":86,"column":19},"end":{"line":98,"column":13}},"type":"if","locations":[{"start":{"line":86,"column":19},"end":{"line":98,"column":13}},{"start":{"line":88,"column":19},"end":{"line":98,"column":13}}]},"28":{"loc":{"start":{"line":88,"column":19},"end":{"line":98,"column":13}},"type":"if","locations":[{"start":{"line":88,"column":19},"end":{"line":98,"column":13}},{"start":{"line":90,"column":19},"end":{"line":98,"column":13}}]},"29":{"loc":{"start":{"line":90,"column":19},"end":{"line":98,"column":13}},"type":"if","locations":[{"start":{"line":90,"column":19},"end":{"line":98,"column":13}},{"start":{"line":92,"column":19},"end":{"line":98,"column":13}}]},"30":{"loc":{"start":{"line":92,"column":19},"end":{"line":98,"column":13}},"type":"if","locations":[{"start":{"line":92,"column":19},"end":{"line":98,"column":13}},{"start":{"line":94,"column":19},"end":{"line":98,"column":13}}]},"31":{"loc":{"start":{"line":94,"column":19},"end":{"line":98,"column":13}},"type":"if","locations":[{"start":{"line":94,"column":19},"end":{"line":98,"column":13}},{"start":{"line":96,"column":19},"end":{"line":98,"column":13}}]},"32":{"loc":{"start":{"line":96,"column":19},"end":{"line":98,"column":13}},"type":"if","locations":[{"start":{"line":96,"column":19},"end":{"line":98,"column":13}},{"start":{},"end":{}}]},"33":{"loc":{"start":{"line":107,"column":8},"end":{"line":129,"column":9}},"type":"switch","locations":[{"start":{"line":108,"column":12},"end":{"line":111,"column":22}},{"start":{"line":112,"column":12},"end":{"line":116,"column":22}},{"start":{"line":117,"column":12},"end":{"line":119,"column":22}},{"start":{"line":120,"column":12},"end":{"line":122,"column":22}},{"start":{"line":123,"column":12},"end":{"line":125,"column":22}},{"start":{"line":126,"column":12},"end":{"line":128,"column":22}}]},"34":{"loc":{"start":{"line":114,"column":16},"end":{"line":114,"column":71}},"type":"if","locations":[{"start":{"line":114,"column":16},"end":{"line":114,"column":71}},{"start":{},"end":{}}]},"35":{"loc":{"start":{"line":133,"column":8},"end":{"line":133,"column":55}},"type":"if","locations":[{"start":{"line":133,"column":8},"end":{"line":133,"column":55}},{"start":{},"end":{}}]},"36":{"loc":{"start":{"line":134,"column":8},"end":{"line":154,"column":9}},"type":"if","locations":[{"start":{"line":134,"column":8},"end":{"line":154,"column":9}},{"start":{"line":145,"column":13},"end":{"line":154,"column":9}}]},"37":{"loc":{"start":{"line":135,"column":12},"end":{"line":143,"column":13}},"type":"if","locations":[{"start":{"line":135,"column":12},"end":{"line":143,"column":13}},{"start":{"line":140,"column":19},"end":{"line":143,"column":13}}]},"38":{"loc":{"start":{"line":135,"column":16},"end":{"line":135,"column":69}},"type":"binary-expr","locations":[{"start":{"line":135,"column":16},"end":{"line":135,"column":41}},{"start":{"line":135,"column":45},"end":{"line":135,"column":69}}]},"39":{"loc":{"start":{"line":136,"column":16},"end":{"line":139,"column":17}},"type":"if","locations":[{"start":{"line":136,"column":16},"end":{"line":139,"column":17}},{"start":{},"end":{}}]},"40":{"loc":{"start":{"line":145,"column":13},"end":{"line":154,"column":9}},"type":"if","locations":[{"start":{"line":145,"column":13},"end":{"line":154,"column":9}},{"start":{"line":151,"column":15},"end":{"line":154,"column":9}}]},"41":{"loc":{"start":{"line":145,"column":17},"end":{"line":146,"column":70}},"type":"binary-expr","locations":[{"start":{"line":145,"column":17},"end":{"line":145,"column":50}},{"start":{"line":146,"column":16},"end":{"line":146,"column":41}},{"start":{"line":146,"column":45},"end":{"line":146,"column":69}}]},"42":{"loc":{"start":{"line":147,"column":12},"end":{"line":150,"column":13}},"type":"if","locations":[{"start":{"line":147,"column":12},"end":{"line":150,"column":13}},{"start":{},"end":{}}]},"43":{"loc":{"start":{"line":151,"column":15},"end":{"line":154,"column":9}},"type":"if","locations":[{"start":{"line":151,"column":15},"end":{"line":154,"column":9}},{"start":{},"end":{}}]},"44":{"loc":{"start":{"line":151,"column":19},"end":{"line":151,"column":81}},"type":"binary-expr","locations":[{"start":{"line":151,"column":19},"end":{"line":151,"column":52}},{"start":{"line":151,"column":56},"end":{"line":151,"column":81}}]},"45":{"loc":{"start":{"line":158,"column":8},"end":{"line":161,"column":9}},"type":"if","locations":[{"start":{"line":158,"column":8},"end":{"line":161,"column":9}},{"start":{},"end":{}}]},"46":{"loc":{"start":{"line":162,"column":8},"end":{"line":164,"column":9}},"type":"if","locations":[{"start":{"line":162,"column":8},"end":{"line":164,"column":9}},{"start":{},"end":{}}]},"47":{"loc":{"start":{"line":165,"column":8},"end":{"line":176,"column":9}},"type":"if","locations":[{"start":{"line":165,"column":8},"end":{"line":176,"column":9}},{"start":{"line":168,"column":15},"end":{"line":176,"column":9}}]},"48":{"loc":{"start":{"line":165,"column":12},"end":{"line":165,"column":66}},"type":"binary-expr","locations":[{"start":{"line":165,"column":12},"end":{"line":165,"column":37}},{"start":{"line":165,"column":41},"end":{"line":165,"column":66}}]},"49":{"loc":{"start":{"line":180,"column":8},"end":{"line":180,"column":62}},"type":"if","locations":[{"start":{"line":180,"column":8},"end":{"line":180,"column":62}},{"start":{},"end":{}}]},"50":{"loc":{"start":{"line":181,"column":8},"end":{"line":191,"column":9}},"type":"if","locations":[{"start":{"line":181,"column":8},"end":{"line":191,"column":9}},{"start":{"line":184,"column":15},"end":{"line":191,"column":9}}]},"51":{"loc":{"start":{"line":184,"column":15},"end":{"line":191,"column":9}},"type":"if","locations":[{"start":{"line":184,"column":15},"end":{"line":191,"column":9}},{"start":{"line":188,"column":15},"end":{"line":191,"column":9}}]},"52":{"loc":{"start":{"line":184,"column":19},"end":{"line":185,"column":40}},"type":"binary-expr","locations":[{"start":{"line":184,"column":19},"end":{"line":184,"column":62}},{"start":{"line":185,"column":15},"end":{"line":185,"column":40}}]},"53":{"loc":{"start":{"line":188,"column":15},"end":{"line":191,"column":9}},"type":"if","locations":[{"start":{"line":188,"column":15},"end":{"line":191,"column":9}},{"start":{},"end":{}}]},"54":{"loc":{"start":{"line":188,"column":19},"end":{"line":188,"column":91}},"type":"binary-expr","locations":[{"start":{"line":188,"column":19},"end":{"line":188,"column":44}},{"start":{"line":188,"column":48},"end":{"line":188,"column":91}}]},"55":{"loc":{"start":{"line":195,"column":8},"end":{"line":207,"column":9}},"type":"if","locations":[{"start":{"line":195,"column":8},"end":{"line":207,"column":9}},{"start":{"line":201,"column":15},"end":{"line":207,"column":9}}]},"56":{"loc":{"start":{"line":201,"column":15},"end":{"line":207,"column":9}},"type":"if","locations":[{"start":{"line":201,"column":15},"end":{"line":207,"column":9}},{"start":{},"end":{}}]},"57":{"loc":{"start":{"line":201,"column":19},"end":{"line":201,"column":140}},"type":"binary-expr","locations":[{"start":{"line":201,"column":19},"end":{"line":201,"column":44}},{"start":{"line":201,"column":49},"end":{"line":201,"column":92}},{"start":{"line":201,"column":96},"end":{"line":201,"column":139}}]},"58":{"loc":{"start":{"line":211,"column":8},"end":{"line":217,"column":9}},"type":"if","locations":[{"start":{"line":211,"column":8},"end":{"line":217,"column":9}},{"start":{},"end":{}}]},"59":{"loc":{"start":{"line":211,"column":12},"end":{"line":211,"column":96}},"type":"binary-expr","locations":[{"start":{"line":211,"column":12},"end":{"line":211,"column":37}},{"start":{"line":211,"column":42},"end":{"line":211,"column":67}},{"start":{"line":211,"column":71},"end":{"line":211,"column":95}}]},"60":{"loc":{"start":{"line":221,"column":8},"end":{"line":227,"column":9}},"type":"if","locations":[{"start":{"line":221,"column":8},"end":{"line":227,"column":9}},{"start":{},"end":{}}]},"61":{"loc":{"start":{"line":221,"column":12},"end":{"line":221,"column":96}},"type":"binary-expr","locations":[{"start":{"line":221,"column":12},"end":{"line":221,"column":37}},{"start":{"line":221,"column":42},"end":{"line":221,"column":67}},{"start":{"line":221,"column":71},"end":{"line":221,"column":95}}]},"62":{"loc":{"start":{"line":231,"column":8},"end":{"line":234,"column":9}},"type":"if","locations":[{"start":{"line":231,"column":8},"end":{"line":234,"column":9}},{"start":{},"end":{}}]},"63":{"loc":{"start":{"line":231,"column":12},"end":{"line":231,"column":96}},"type":"binary-expr","locations":[{"start":{"line":231,"column":12},"end":{"line":231,"column":37}},{"start":{"line":231,"column":42},"end":{"line":231,"column":67}},{"start":{"line":231,"column":71},"end":{"line":231,"column":95}}]},"64":{"loc":{"start":{"line":234,"column":10},"end":{"line":237,"column":9}},"type":"if","locations":[{"start":{"line":234,"column":10},"end":{"line":237,"column":9}},{"start":{},"end":{}}]},"65":{"loc":{"start":{"line":234,"column":14},"end":{"line":234,"column":68}},"type":"binary-expr","locations":[{"start":{"line":234,"column":14},"end":{"line":234,"column":39}},{"start":{"line":234,"column":43},"end":{"line":234,"column":68}}]},"66":{"loc":{"start":{"line":241,"column":8},"end":{"line":255,"column":9}},"type":"if","locations":[{"start":{"line":241,"column":8},"end":{"line":255,"column":9}},{"start":{"line":248,"column":15},"end":{"line":255,"column":9}}]},"67":{"loc":{"start":{"line":241,"column":12},"end":{"line":241,"column":74}},"type":"binary-expr","locations":[{"start":{"line":241,"column":12},"end":{"line":241,"column":37}},{"start":{"line":241,"column":41},"end":{"line":241,"column":74}}]},"68":{"loc":{"start":{"line":242,"column":12},"end":{"line":246,"column":13}},"type":"if","locations":[{"start":{"line":242,"column":12},"end":{"line":246,"column":13}},{"start":{"line":244,"column":19},"end":{"line":246,"column":13}}]},"69":{"loc":{"start":{"line":248,"column":15},"end":{"line":255,"column":9}},"type":"if","locations":[{"start":{"line":248,"column":15},"end":{"line":255,"column":9}},{"start":{},"end":{}}]},"70":{"loc":{"start":{"line":248,"column":19},"end":{"line":248,"column":73}},"type":"binary-expr","locations":[{"start":{"line":248,"column":19},"end":{"line":248,"column":44}},{"start":{"line":248,"column":48},"end":{"line":248,"column":73}}]},"71":{"loc":{"start":{"line":249,"column":12},"end":{"line":253,"column":13}},"type":"if","locations":[{"start":{"line":249,"column":12},"end":{"line":253,"column":13}},{"start":{"line":251,"column":19},"end":{"line":253,"column":13}}]}},"s":{"0":0,"1":0,"2":0,"3":0,"4":0,"5":0,"6":0,"7":0,"8":0,"9":0,"10":0,"11":0,"12":0,"13":0,"14":0,"15":0,"16":0,"17":0,"18":0,"19":0,"20":0,"21":0,"22":0,"23":0,"24":0,"25":0,"26":0,"27":0,"28":0,"29":0,"30":0,"31":0,"32":0,"33":0,"34":0,"35":0,"36":0,"37":0,"38":0,"39":0,"40":0,"41":0,"42":0,"43":0,"44":0,"45":0,"46":0,"47":0,"48":0,"49":0,"50":0,"51":0,"52":0,"53":0,"54":0,"55":0,"56":0,"57":0,"58":0,"59":0,"60":0,"61":0,"62":0,"63":0,"64":0,"65":0,"66":0,"67":0,"68":0,"69":0,"70":0,"71":0,"72":0,"73":0,"74":0,"75":0,"76":0,"77":0,"78":0,"79":0,"80":0,"81":0,"82":0,"83":0,"84":0,"85":0,"86":0,"87":0,"88":0,"89":0,"90":0,"91":0,"92":0,"93":0,"94":0,"95":0,"96":0,"97":0,"98":0,"99":0,"100":0,"101":0,"102":0,"103":0,"104":0,"105":0,"106":0,"107":0,"108":0,"109":0,"110":0,"111":0,"112":0,"113":0,"114":0,"115":0,"116":0,"117":0,"118":0,"119":0,"120":0,"121":0,"122":0,"123":0,"124":0,"125":0,"126":0,"127":0,"128":0,"129":0,"130":0,"131":0,"132":0,"133":0,"134":0,"135":0,"136":0,"137":0,"138":0,"139":0,"140":0,"141":0,"142":0,"143":0,"144":0,"145":0,"146":0,"147":0,"148":0,"149":0,"150":0,"151":0,"152":0,"153":0,"154":0},"f":{"0":0,"1":0,"2":0,"3":0,"4":0,"5":0,"6":0,"7":0,"8":0,"9":0,"10":0,"11":0,"12":0,"13":0,"14":0,"15":0,"16":0,"17":0},"b":{"0":[0,0],"1":[0,0],"2":[0,0],"3":[0,0],"4":[0,0],"5":[0,0],"6":[0,0],"7":[0,0],"8":[0,0],"9":[0,0],"10":[0,0],"11":[0,0],"12":[0,0],"13":[0,0],"14":[0,0],"15":[0,0],"16":[0,0],"17":[0,0],"18":[0,0],"19":[0,0],"20":[0,0],"21":[0,0],"22":[0,0],"23":[0,0],"24":[0,0],"25":[0,0],"26":[0,0],"27":[0,0],"28":[0,0],"29":[0,0],"30":[0,0],"31":[0,0],"32":[0,0],"33":[0,0,0,0,0,0],"34":[0,0],"35":[0,0],"36":[0,0],"37":[0,0],"38":[0,0],"39":[0,0],"40":[0,0],"41":[0,0,0],"42":[0,0],"43":[0,0],"44":[0,0],"45":[0,0],"46":[0,0],"47":[0,0],"48":[0,0],"49":[0,0],"50":[0,0],"51":[0,0],"52":[0,0],"53":[0,0],"54":[0,0],"55":[0,0],"56":[0,0],"57":[0,0,0],"58":[0,0],"59":[0,0,0],"60":[0,0],"61":[0,0,0],"62":[0,0],"63":[0,0,0],"64":[0,0],"65":[0,0],"66":[0,0],"67":[0,0],"68":[0,0],"69":[0,0],"70":[0,0],"71":[0,0]}}
,"E:\\_dev\\Projects\\ordinary-web-calculator\\src\\model\\calculation.ts": {"path":"E:\\_dev\\Projects\\ordinary-web-calculator\\src\\model\\calculation.ts","statementMap":{"0":{"start":{"line":3,"column":0},"end":{"line":3,"column":16}},"1":{"start":{"line":1,"column":0},"end":{"line":1,"column":63}},"2":{"start":{"line":4,"column":4},"end":{"line":28,"column":5}},"3":{"start":{"line":6,"column":12},"end":{"line":6,"column":88}},"4":{"start":{"line":7,"column":12},"end":{"line":7,"column":18}},"5":{"start":{"line":9,"column":12},"end":{"line":9,"column":88}},"6":{"start":{"line":10,"column":12},"end":{"line":10,"column":18}},"7":{"start":{"line":12,"column":12},"end":{"line":12,"column":88}},"8":{"start":{"line":13,"column":12},"end":{"line":13,"column":18}},"9":{"start":{"line":15,"column":12},"end":{"line":15,"column":88}},"10":{"start":{"line":16,"column":12},"end":{"line":16,"column":18}},"11":{"start":{"line":18,"column":12},"end":{"line":18,"column":88}},"12":{"start":{"line":19,"column":12},"end":{"line":19,"column":18}},"13":{"start":{"line":21,"column":12},"end":{"line":21,"column":88}},"14":{"start":{"line":22,"column":12},"end":{"line":22,"column":18}},"15":{"start":{"line":24,"column":12},"end":{"line":24,"column":69}},"16":{"start":{"line":25,"column":12},"end":{"line":25,"column":18}},"17":{"start":{"line":27,"column":12},"end":{"line":27,"column":70}}},"fnMap":{"0":{"name":"performCalc","decl":{"start":{"line":3,"column":16},"end":{"line":3,"column":27}},"loc":{"start":{"line":3,"column":51},"end":{"line":29,"column":1}}}},"branchMap":{"0":{"loc":{"start":{"line":4,"column":4},"end":{"line":28,"column":5}},"type":"switch","locations":[{"start":{"line":5,"column":8},"end":{"line":7,"column":18}},{"start":{"line":8,"column":8},"end":{"line":10,"column":18}},{"start":{"line":11,"column":8},"end":{"line":13,"column":18}},{"start":{"line":14,"column":8},"end":{"line":16,"column":18}},{"start":{"line":17,"column":8},"end":{"line":19,"column":18}},{"start":{"line":20,"column":8},"end":{"line":22,"column":18}},{"start":{"line":23,"column":8},"end":{"line":25,"column":18}},{"start":{"line":26,"column":8},"end":{"line":27,"column":70}}]}},"s":{"0":1,"1":1,"2":10,"3":1,"4":1,"5":1,"6":1,"7":1,"8":1,"9":1,"10":1,"11":1,"12":1,"13":2,"14":2,"15":2,"16":2,"17":1},"f":{"0":10},"b":{"0":[1,1,1,1,1,2,2,1]}}
,"E:\\_dev\\Projects\\ordinary-web-calculator\\src\\view\\index.ts": {"path":"E:\\_dev\\Projects\\ordinary-web-calculator\\src\\view\\index.ts","statementMap":{"0":{"start":{"line":1,"column":0},"end":{"line":1,"column":58}},"1":{"start":{"line":2,"column":0},"end":{"line":2,"column":60}},"2":{"start":{"line":4,"column":19},"end":{"line":4,"column":26}},"3":{"start":{"line":6,"column":0},"end":{"line":31,"column":3}},"4":{"start":{"line":7,"column":30},"end":{"line":11,"column":null}},"5":{"start":{"line":13,"column":25},"end":{"line":13,"column":65}},"6":{"start":{"line":14,"column":4},"end":{"line":16,"column":5}},"7":{"start":{"line":15,"column":8},"end":{"line":15,"column":44}},"8":{"start":{"line":18,"column":4},"end":{"line":30,"column":5}},"9":{"start":{"line":19,"column":8},"end":{"line":19,"column":51}},"10":{"start":{"line":20,"column":8},"end":{"line":20,"column":15}},"11":{"start":{"line":22,"column":8},"end":{"line":22,"column":54}},"12":{"start":{"line":24,"column":28},"end":{"line":24,"column":49}},"13":{"start":{"line":26,"column":34},"end":{"line":26,"column":71}},"14":{"start":{"line":27,"column":8},"end":{"line":29,"column":9}},"15":{"start":{"line":28,"column":13},"end":{"line":28,"column":79}}},"fnMap":{"0":{"name":"(anonymous_0)","decl":{"start":{"line":6,"column":46},"end":{"line":6,"column":49}},"loc":{"start":{"line":6,"column":51},"end":{"line":31,"column":1}}}},"branchMap":{"0":{"loc":{"start":{"line":14,"column":4},"end":{"line":16,"column":5}},"type":"if","locations":[{"start":{"line":14,"column":4},"end":{"line":16,"column":5}},{"start":{},"end":{}}]},"1":{"loc":{"start":{"line":18,"column":4},"end":{"line":30,"column":5}},"type":"if","locations":[{"start":{"line":18,"column":4},"end":{"line":30,"column":5}},{"start":{"line":21,"column":11},"end":{"line":30,"column":5}}]},"2":{"loc":{"start":{"line":18,"column":8},"end":{"line":18,"column":78}},"type":"binary-expr","locations":[{"start":{"line":18,"column":8},"end":{"line":18,"column":28}},{"start":{"line":18,"column":32},"end":{"line":18,"column":55}},{"start":{"line":18,"column":59},"end":{"line":18,"column":78}}]}},"s":{"0":0,"1":0,"2":0,"3":0,"4":0,"5":0,"6":0,"7":0,"8":0,"9":0,"10":0,"11":0,"12":0,"13":0,"14":0,"15":0},"f":{"0":0},"b":{"0":[0,0],"1":[0,0],"2":[0,0,0]}}
}
