TN:
SF:src\settings.ts
FNF:0
FNH:0
DA:1,1
DA:29,1
DA:30,1
LF:3
LH:3
BRF:0
BRH:0
end_of_record
TN:
SF:src\controller\controller.ts
FN:4,getController
FN:14,getOutputScreenValue
FN:20,setOutputScreenValue
FN:40,setOutputOperationValue
FN:51,setOutputMemoryValue
FN:57,appendInputValue
FN:66,clearCalcStack
FN:75,handleInput
FN:104,handleMemory
FN:132,handleDigits
FN:157,handleOperations
FN:179,handleFlPoint
FN:194,handleEquals
FN:210,handlePower2
FN:220,handleSqrt
FN:230,handleNegate
FN:240,handleBackspace
FN:258,handleReset
FNF:18
FNH:0
FNDA:0,getController
FNDA:0,getOutputScreenValue
FNDA:0,setOutputScreenValue
FNDA:0,setOutputOperationValue
FNDA:0,setOutputMemoryValue
FNDA:0,appendInputValue
FNDA:0,clearCalcStack
FNDA:0,handleInput
FNDA:0,handleMemory
FNDA:0,handleDigits
FNDA:0,handleOperations
FNDA:0,handleFlPoint
FNDA:0,handleEquals
FNDA:0,handlePower2
FNDA:0,handleSqrt
FNDA:0,handleNegate
FNDA:0,handleBackspace
FNDA:0,handleReset
DA:1,0
DA:2,0
DA:4,0
DA:6,0
DA:7,0
DA:8,0
DA:11,0
DA:12,0
DA:15,0
DA:16,0
DA:21,0
DA:22,0
DA:23,0
DA:25,0
DA:26,0
DA:27,0
DA:28,0
DA:30,0
DA:33,0
DA:41,0
DA:42,0
DA:47,0
DA:52,0
DA:53,0
DA:58,0
DA:59,0
DA:60,0
DA:62,0
DA:67,0
DA:68,0
DA:69,0
DA:70,0
DA:71,0
DA:72,0
DA:75,0
DA:76,0
DA:77,0
DA:78,0
DA:79,0
DA:80,0
DA:81,0
DA:82,0
DA:83,0
DA:84,0
DA:85,0
DA:86,0
DA:87,0
DA:88,0
DA:89,0
DA:90,0
DA:91,0
DA:92,0
DA:93,0
DA:94,0
DA:95,0
DA:96,0
DA:97,0
DA:101,0
DA:105,0
DA:106,0
DA:107,0
DA:109,0
DA:110,0
DA:111,0
DA:113,0
DA:114,0
DA:115,0
DA:116,0
DA:118,0
DA:119,0
DA:121,0
DA:122,0
DA:124,0
DA:125,0
DA:127,0
DA:128,0
DA:133,0
DA:134,0
DA:135,0
DA:136,0
DA:137,0
DA:138,0
DA:141,0
DA:142,0
DA:145,0
DA:147,0
DA:148,0
DA:149,0
DA:151,0
DA:152,0
DA:153,0
DA:158,0
DA:159,0
DA:160,0
DA:162,0
DA:163,0
DA:165,0
DA:166,0
DA:167,0
DA:169,0
DA:171,0
DA:173,0
DA:174,0
DA:175,0
DA:180,0
DA:181,0
DA:182,0
DA:183,0
DA:184,0
DA:186,0
DA:187,0
DA:188,0
DA:189,0
DA:190,0
DA:195,0
DA:196,0
DA:197,0
DA:198,0
DA:200,0
DA:201,0
DA:202,0
DA:203,0
DA:204,0
DA:206,0
DA:211,0
DA:212,0
DA:213,0
DA:214,0
DA:216,0
DA:221,0
DA:222,0
DA:223,0
DA:224,0
DA:226,0
DA:231,0
DA:232,0
DA:233,0
DA:234,0
DA:235,0
DA:236,0
DA:241,0
DA:242,0
DA:243,0
DA:245,0
DA:247,0
DA:248,0
DA:249,0
DA:250,0
DA:252,0
DA:254,0
DA:259,0
DA:260,0
LF:152
LH:0
BRDA:15,0,0,0
BRDA:15,0,1,0
BRDA:15,1,0,0
BRDA:15,1,1,0
BRDA:16,2,0,0
BRDA:16,2,1,0
BRDA:16,3,0,0
BRDA:16,3,1,0
BRDA:16,4,0,0
BRDA:16,4,1,0
BRDA:21,5,0,0
BRDA:21,5,1,0
BRDA:22,6,0,0
BRDA:22,6,1,0
BRDA:25,7,0,0
BRDA:25,7,1,0
BRDA:26,8,0,0
BRDA:26,8,1,0
BRDA:26,9,0,0
BRDA:26,9,1,0
BRDA:27,10,0,0
BRDA:27,10,1,0
BRDA:41,11,0,0
BRDA:41,11,1,0
BRDA:42,12,0,0
BRDA:42,12,1,0
BRDA:43,13,0,0
BRDA:43,13,1,0
BRDA:44,14,0,0
BRDA:44,14,1,0
BRDA:45,15,0,0
BRDA:45,15,1,0
BRDA:46,16,0,0
BRDA:46,16,1,0
BRDA:52,17,0,0
BRDA:52,17,1,0
BRDA:53,18,0,0
BRDA:53,18,1,0
BRDA:59,19,0,0
BRDA:59,19,1,0
BRDA:76,20,0,0
BRDA:76,20,1,0
BRDA:76,21,0,0
BRDA:76,21,1,0
BRDA:77,22,0,0
BRDA:77,22,1,0
BRDA:78,23,0,0
BRDA:78,23,1,0
BRDA:80,24,0,0
BRDA:80,24,1,0
BRDA:82,25,0,0
BRDA:82,25,1,0
BRDA:84,26,0,0
BRDA:84,26,1,0
BRDA:86,27,0,0
BRDA:86,27,1,0
BRDA:88,28,0,0
BRDA:88,28,1,0
BRDA:90,29,0,0
BRDA:90,29,1,0
BRDA:92,30,0,0
BRDA:92,30,1,0
BRDA:94,31,0,0
BRDA:94,31,1,0
BRDA:96,32,0,0
BRDA:96,32,1,0
BRDA:107,33,0,0
BRDA:107,33,1,0
BRDA:107,33,2,0
BRDA:107,33,3,0
BRDA:107,33,4,0
BRDA:107,33,5,0
BRDA:114,34,0,0
BRDA:114,34,1,0
BRDA:133,35,0,0
BRDA:133,35,1,0
BRDA:134,36,0,0
BRDA:134,36,1,0
BRDA:135,37,0,0
BRDA:135,37,1,0
BRDA:135,38,0,0
BRDA:135,38,1,0
BRDA:136,39,0,0
BRDA:136,39,1,0
BRDA:145,40,0,0
BRDA:145,40,1,0
BRDA:145,41,0,0
BRDA:145,41,1,0
BRDA:145,41,2,0
BRDA:147,42,0,0
BRDA:147,42,1,0
BRDA:151,43,0,0
BRDA:151,43,1,0
BRDA:151,44,0,0
BRDA:151,44,1,0
BRDA:158,45,0,0
BRDA:158,45,1,0
BRDA:162,46,0,0
BRDA:162,46,1,0
BRDA:165,47,0,0
BRDA:165,47,1,0
BRDA:165,48,0,0
BRDA:165,48,1,0
BRDA:180,49,0,0
BRDA:180,49,1,0
BRDA:181,50,0,0
BRDA:181,50,1,0
BRDA:184,51,0,0
BRDA:184,51,1,0
BRDA:184,52,0,0
BRDA:184,52,1,0
BRDA:188,53,0,0
BRDA:188,53,1,0
BRDA:188,54,0,0
BRDA:188,54,1,0
BRDA:195,55,0,0
BRDA:195,55,1,0
BRDA:201,56,0,0
BRDA:201,56,1,0
BRDA:201,57,0,0
BRDA:201,57,1,0
BRDA:201,57,2,0
BRDA:211,58,0,0
BRDA:211,58,1,0
BRDA:211,59,0,0
BRDA:211,59,1,0
BRDA:211,59,2,0
BRDA:221,60,0,0
BRDA:221,60,1,0
BRDA:221,61,0,0
BRDA:221,61,1,0
BRDA:221,61,2,0
BRDA:231,62,0,0
BRDA:231,62,1,0
BRDA:231,63,0,0
BRDA:231,63,1,0
BRDA:231,63,2,0
BRDA:234,64,0,0
BRDA:234,64,1,0
BRDA:234,65,0,0
BRDA:234,65,1,0
BRDA:241,66,0,0
BRDA:241,66,1,0
BRDA:241,67,0,0
BRDA:241,67,1,0
BRDA:242,68,0,0
BRDA:242,68,1,0
BRDA:248,69,0,0
BRDA:248,69,1,0
BRDA:248,70,0,0
BRDA:248,70,1,0
BRDA:249,71,0,0
BRDA:249,71,1,0
BRF:153
BRH:0
end_of_record
TN:
SF:src\model\calculation.ts
FN:3,performCalc
FNF:1
FNH:1
FNDA:10,performCalc
DA:1,1
DA:3,1
DA:4,10
DA:6,1
DA:7,1
DA:9,1
DA:10,1
DA:12,1
DA:13,1
DA:15,1
DA:16,1
DA:18,1
DA:19,1
DA:21,2
DA:22,2
DA:24,2
DA:25,2
DA:27,1
LF:18
LH:18
BRDA:4,0,0,1
BRDA:4,0,1,1
BRDA:4,0,2,1
BRDA:4,0,3,1
BRDA:4,0,4,1
BRDA:4,0,5,2
BRDA:4,0,6,2
BRDA:4,0,7,1
BRF:8
BRH:8
end_of_record
TN:
SF:src\view\index.ts
FN:6,(anonymous_0)
FNF:1
FNH:0
FNDA:0,(anonymous_0)
DA:1,0
DA:2,0
DA:4,0
DA:6,0
DA:7,0
DA:13,0
DA:14,0
DA:15,0
DA:18,0
DA:19,0
DA:20,0
DA:22,0
DA:24,0
DA:26,0
DA:27,0
DA:28,0
LF:16
LH:0
BRDA:14,0,0,0
BRDA:14,0,1,0
BRDA:18,1,0,0
BRDA:18,1,1,0
BRDA:18,2,0,0
BRDA:18,2,1,0
BRDA:18,2,2,0
BRF:7
BRH:0
end_of_record
